/Users/elyebliss/Documents/Just4Plots/src/ferry_plot_model.py:157: SettingWithCopyWarning: 
A value is trying to be set on a copy of a slice from a DataFrame.
Try using .loc[row_indexer,col_indexer] = value instead

See the caveats in the documentation: https://pandas.pydata.org/pandas-docs/stable/user_guide/indexing.html#returning-a-view-versus-a-copy
  weekday_schedule[2] = weekday_schedule[2].apply(replace_time_str)
/Users/elyebliss/Documents/Just4Plots/src/ferry_plot_model.py:158: SettingWithCopyWarning: 
A value is trying to be set on a copy of a slice from a DataFrame.
Try using .loc[row_indexer,col_indexer] = value instead

See the caveats in the documentation: https://pandas.pydata.org/pandas-docs/stable/user_guide/indexing.html#returning-a-view-versus-a-copy
  weekday_schedule[3] = weekday_schedule[3].apply(replace_time_str)
/Users/elyebliss/Documents/Just4Plots/src/ferry_plot_model.py:159: SettingWithCopyWarning: 
A value is trying to be set on a copy of a slice from a DataFrame.
Try using .loc[row_indexer,col_indexer] = value instead

See the caveats in the documentation: https://pandas.pydata.org/pandas-docs/stable/user_guide/indexing.html#returning-a-view-versus-a-copy
  weekend_schedule[2] = weekend_schedule[2].apply(replace_time_str)
/Users/elyebliss/Documents/Just4Plots/src/ferry_plot_model.py:160: SettingWithCopyWarning: 
A value is trying to be set on a copy of a slice from a DataFrame.
Try using .loc[row_indexer,col_indexer] = value instead

See the caveats in the documentation: https://pandas.pydata.org/pandas-docs/stable/user_guide/indexing.html#returning-a-view-versus-a-copy
  weekend_schedule[3] = weekend_schedule[3].apply(replace_time_str)
/Users/elyebliss/Documents/Just4Plots/src/ferry_plot_model.py:157: SettingWithCopyWarning: 
A value is trying to be set on a copy of a slice from a DataFrame.
Try using .loc[row_indexer,col_indexer] = value instead

See the caveats in the documentation: https://pandas.pydata.org/pandas-docs/stable/user_guide/indexing.html#returning-a-view-versus-a-copy
  weekday_schedule[2] = weekday_schedule[2].apply(replace_time_str)
/Users/elyebliss/Documents/Just4Plots/src/ferry_plot_model.py:158: SettingWithCopyWarning: 
A value is trying to be set on a copy of a slice from a DataFrame.
Try using .loc[row_indexer,col_indexer] = value instead

See the caveats in the documentation: https://pandas.pydata.org/pandas-docs/stable/user_guide/indexing.html#returning-a-view-versus-a-copy
  weekday_schedule[3] = weekday_schedule[3].apply(replace_time_str)
/Users/elyebliss/Documents/Just4Plots/src/ferry_plot_model.py:159: SettingWithCopyWarning: 
A value is trying to be set on a copy of a slice from a DataFrame.
Try using .loc[row_indexer,col_indexer] = value instead

See the caveats in the documentation: https://pandas.pydata.org/pandas-docs/stable/user_guide/indexing.html#returning-a-view-versus-a-copy
  weekend_schedule[2] = weekend_schedule[2].apply(replace_time_str)
/Users/elyebliss/Documents/Just4Plots/src/ferry_plot_model.py:160: SettingWithCopyWarning: 
A value is trying to be set on a copy of a slice from a DataFrame.
Try using .loc[row_indexer,col_indexer] = value instead

See the caveats in the documentation: https://pandas.pydata.org/pandas-docs/stable/user_guide/indexing.html#returning-a-view-versus-a-copy
  weekend_schedule[3] = weekend_schedule[3].apply(replace_time_str)
